This file contains any messages produced by compilers while
running configure, to aid debugging if configure makes a mistake.

It was created by gdsl configure 1.4, which was
generated by GNU Autoconf 2.59.  Invocation command line was

  $ ./configure 

## --------- ##
## Platform. ##
## --------- ##

hostname = deepthought
uname -m = i686
uname -r = 2.6.31-17-generic
uname -s = Linux
uname -v = #54-Ubuntu SMP Thu Dec 10 16:20:31 UTC 2009

/usr/bin/uname -p = unknown
/bin/uname -X     = unknown

/bin/arch              = unknown
/usr/bin/arch -k       = unknown
/usr/convex/getsysinfo = unknown
hostinfo               = unknown
/bin/machine           = unknown
/usr/bin/oslevel       = unknown
/bin/universe          = unknown

PATH: /usr/local/sbin
PATH: /usr/local/bin
PATH: /usr/sbin
PATH: /usr/bin
PATH: /sbin
PATH: /bin
PATH: /usr/games
PATH: .


## ----------- ##
## Core tests. ##
## ----------- ##

configure:1553: checking for a BSD-compatible install
configure:1608: result: /usr/bin/install -c
configure:1619: checking whether build environment is sane
configure:1662: result: yes
configure:1719: checking for gawk
configure:1735: found /usr/bin/gawk
configure:1745: result: gawk
configure:1755: checking whether make sets $(MAKE)
configure:1775: result: yes
configure:1948: checking build system type
configure:1966: result: i686-pc-linux-gnu
configure:1974: checking host system type
configure:1988: result: i686-pc-linux-gnu
configure:2051: checking for gcc
configure:2067: found /usr/bin/gcc
configure:2077: result: gcc
configure:2321: checking for C compiler version
configure:2324: gcc --version </dev/null >&5
gcc (Ubuntu 4.4.1-4ubuntu9) 4.4.1
Copyright (C) 2009 Free Software Foundation, Inc.
This is free software; see the source for copying conditions.  There is NO
warranty; not even for MERCHANTABILITY or FITNESS FOR A PARTICULAR PURPOSE.

configure:2327: $? = 0
configure:2329: gcc -v </dev/null >&5
Using built-in specs.
Target: i486-linux-gnu
Configured with: ../src/configure -v --with-pkgversion='Ubuntu 4.4.1-4ubuntu9' --with-bugurl=file:///usr/share/doc/gcc-4.4/README.Bugs --enable-languages=c,c++,fortran,objc,obj-c++ --prefix=/usr --enable-shared --enable-multiarch --enable-linker-build-id --with-system-zlib --libexecdir=/usr/lib --without-included-gettext --enable-threads=posix --with-gxx-include-dir=/usr/include/c++/4.4 --program-suffix=-4.4 --enable-nls --enable-clocale=gnu --enable-libstdcxx-debug --enable-objc-gc --enable-targets=all --disable-werror --with-arch-32=i486 --with-tune=generic --enable-checking=release --build=i486-linux-gnu --host=i486-linux-gnu --target=i486-linux-gnu
Thread model: posix
gcc version 4.4.1 (Ubuntu 4.4.1-4ubuntu9) 
configure:2332: $? = 0
configure:2334: gcc -V </dev/null >&5
gcc: '-V' option must have argument
configure:2337: $? = 1
configure:2360: checking for C compiler default output file name
configure:2363: gcc    conftest.c  >&5
configure:2366: $? = 0
configure:2412: result: a.out
configure:2417: checking whether the C compiler works
configure:2423: ./a.out
configure:2426: $? = 0
configure:2443: result: yes
configure:2450: checking whether we are cross compiling
configure:2452: result: no
configure:2455: checking for suffix of executables
configure:2457: gcc -o conftest    conftest.c  >&5
configure:2460: $? = 0
configure:2485: result: 
configure:2491: checking for suffix of object files
configure:2512: gcc -c   conftest.c >&5
configure:2515: $? = 0
configure:2537: result: o
configure:2541: checking whether we are using the GNU C compiler
configure:2565: gcc -c   conftest.c >&5
configure:2571: $? = 0
configure:2574: test -z 			 || test ! -s conftest.err
configure:2577: $? = 0
configure:2580: test -s conftest.o
configure:2583: $? = 0
configure:2596: result: yes
configure:2602: checking whether gcc accepts -g
configure:2623: gcc -c -g  conftest.c >&5
configure:2629: $? = 0
configure:2632: test -z 			 || test ! -s conftest.err
configure:2635: $? = 0
configure:2638: test -s conftest.o
configure:2641: $? = 0
configure:2652: result: yes
configure:2669: checking for gcc option to accept ANSI C
configure:2739: gcc  -c -g -O2  conftest.c >&5
configure:2745: $? = 0
configure:2748: test -z 			 || test ! -s conftest.err
configure:2751: $? = 0
configure:2754: test -s conftest.o
configure:2757: $? = 0
configure:2775: result: none needed
configure:2793: gcc -c -g -O2  conftest.c >&5
conftest.c:2: error: expected '=', ',', ';', 'asm' or '__attribute__' before 'me'
configure:2799: $? = 1
configure: failed program was:
| #ifndef __cplusplus
|   choke me
| #endif
configure:2940: checking for style of include used by make
configure:2968: result: GNU
configure:2996: checking dependency style of gcc
configure:3086: result: gcc3
configure:3107: checking for gawk
configure:3133: result: gawk
configure:3148: checking how to run the C preprocessor
configure:3183: gcc -E  conftest.c
configure:3189: $? = 0
configure:3221: gcc -E  conftest.c
conftest.c:11:28: error: ac_nonexistent.h: No such file or directory
configure:3227: $? = 1
configure: failed program was:
| /* confdefs.h.  */
| 
| #define PACKAGE_NAME "gdsl"
| #define PACKAGE_TARNAME "gdsl"
| #define PACKAGE_VERSION "1.4"
| #define PACKAGE_STRING "gdsl 1.4"
| #define PACKAGE_BUGREPORT "ndarnis@free.fr"
| #define PACKAGE "gdsl"
| #define VERSION "1.4"
| /* end confdefs.h.  */
| #include <ac_nonexistent.h>
configure:3266: result: gcc -E
configure:3290: gcc -E  conftest.c
configure:3296: $? = 0
configure:3328: gcc -E  conftest.c
conftest.c:11:28: error: ac_nonexistent.h: No such file or directory
configure:3334: $? = 1
configure: failed program was:
| /* confdefs.h.  */
| 
| #define PACKAGE_NAME "gdsl"
| #define PACKAGE_TARNAME "gdsl"
| #define PACKAGE_VERSION "1.4"
| #define PACKAGE_STRING "gdsl 1.4"
| #define PACKAGE_BUGREPORT "ndarnis@free.fr"
| #define PACKAGE "gdsl"
| #define VERSION "1.4"
| /* end confdefs.h.  */
| #include <ac_nonexistent.h>
configure:3390: checking for a BSD-compatible install
configure:3445: result: /usr/bin/install -c
configure:3456: checking whether ln -s works
configure:3460: result: yes
configure:3467: checking whether make sets $(MAKE)
configure:3487: result: yes
configure:3537: checking for ranlib
configure:3553: found /usr/bin/ranlib
configure:3564: result: ranlib
configure:3648: checking for a sed that does not truncate output
configure:3702: result: /bin/sed
configure:3705: checking for egrep
configure:3715: result: grep -E
configure:3731: checking for ld used by gcc
configure:3798: result: /usr/bin/ld
configure:3807: checking if the linker (/usr/bin/ld) is GNU ld
configure:3822: result: yes
configure:3827: checking for /usr/bin/ld option to reload object files
configure:3834: result: -r
configure:3852: checking for BSD-compatible nm
configure:3901: result: /usr/bin/nm -B
configure:3905: checking how to recognise dependent libraries
configure:4081: result: pass_all
configure:4313: checking for ANSI C header files
configure:4338: gcc -c -g -O2  conftest.c >&5
configure:4344: $? = 0
configure:4347: test -z 			 || test ! -s conftest.err
configure:4350: $? = 0
configure:4353: test -s conftest.o
configure:4356: $? = 0
configure:4445: gcc -o conftest -g -O2   conftest.c  >&5
conftest.c: In function 'main':
conftest.c:28: warning: incompatible implicit declaration of built-in function 'exit'
configure:4448: $? = 0
configure:4450: ./conftest
configure:4453: $? = 0
configure:4468: result: yes
configure:4492: checking for sys/types.h
configure:4508: gcc -c -g -O2  conftest.c >&5
configure:4514: $? = 0
configure:4517: test -z 			 || test ! -s conftest.err
configure:4520: $? = 0
configure:4523: test -s conftest.o
configure:4526: $? = 0
configure:4537: result: yes
configure:4492: checking for sys/stat.h
configure:4508: gcc -c -g -O2  conftest.c >&5
configure:4514: $? = 0
configure:4517: test -z 			 || test ! -s conftest.err
configure:4520: $? = 0
configure:4523: test -s conftest.o
configure:4526: $? = 0
configure:4537: result: yes
configure:4492: checking for stdlib.h
configure:4508: gcc -c -g -O2  conftest.c >&5
configure:4514: $? = 0
configure:4517: test -z 			 || test ! -s conftest.err
configure:4520: $? = 0
configure:4523: test -s conftest.o
configure:4526: $? = 0
configure:4537: result: yes
configure:4492: checking for string.h
configure:4508: gcc -c -g -O2  conftest.c >&5
configure:4514: $? = 0
configure:4517: test -z 			 || test ! -s conftest.err
configure:4520: $? = 0
configure:4523: test -s conftest.o
configure:4526: $? = 0
configure:4537: result: yes
configure:4492: checking for memory.h
configure:4508: gcc -c -g -O2  conftest.c >&5
configure:4514: $? = 0
configure:4517: test -z 			 || test ! -s conftest.err
configure:4520: $? = 0
configure:4523: test -s conftest.o
configure:4526: $? = 0
configure:4537: result: yes
configure:4492: checking for strings.h
configure:4508: gcc -c -g -O2  conftest.c >&5
configure:4514: $? = 0
configure:4517: test -z 			 || test ! -s conftest.err
configure:4520: $? = 0
configure:4523: test -s conftest.o
configure:4526: $? = 0
configure:4537: result: yes
configure:4492: checking for inttypes.h
configure:4508: gcc -c -g -O2  conftest.c >&5
configure:4514: $? = 0
configure:4517: test -z 			 || test ! -s conftest.err
configure:4520: $? = 0
configure:4523: test -s conftest.o
configure:4526: $? = 0
configure:4537: result: yes
configure:4492: checking for stdint.h
configure:4508: gcc -c -g -O2  conftest.c >&5
configure:4514: $? = 0
configure:4517: test -z 			 || test ! -s conftest.err
configure:4520: $? = 0
configure:4523: test -s conftest.o
configure:4526: $? = 0
configure:4537: result: yes
configure:4492: checking for unistd.h
configure:4508: gcc -c -g -O2  conftest.c >&5
configure:4514: $? = 0
configure:4517: test -z 			 || test ! -s conftest.err
configure:4520: $? = 0
configure:4523: test -s conftest.o
configure:4526: $? = 0
configure:4537: result: yes
configure:4563: checking dlfcn.h usability
configure:4575: gcc -c -g -O2  conftest.c >&5
configure:4581: $? = 0
configure:4584: test -z 			 || test ! -s conftest.err
configure:4587: $? = 0
configure:4590: test -s conftest.o
configure:4593: $? = 0
configure:4603: result: yes
configure:4607: checking dlfcn.h presence
configure:4617: gcc -E  conftest.c
configure:4623: $? = 0
configure:4643: result: yes
configure:4678: checking for dlfcn.h
configure:4685: result: yes
configure:4750: checking for g++
configure:4766: found /usr/bin/g++
configure:4776: result: g++
configure:4792: checking for C++ compiler version
configure:4795: g++ --version </dev/null >&5
g++ (Ubuntu 4.4.1-4ubuntu9) 4.4.1
Copyright (C) 2009 Free Software Foundation, Inc.
This is free software; see the source for copying conditions.  There is NO
warranty; not even for MERCHANTABILITY or FITNESS FOR A PARTICULAR PURPOSE.

configure:4798: $? = 0
configure:4800: g++ -v </dev/null >&5
Using built-in specs.
Target: i486-linux-gnu
Configured with: ../src/configure -v --with-pkgversion='Ubuntu 4.4.1-4ubuntu9' --with-bugurl=file:///usr/share/doc/gcc-4.4/README.Bugs --enable-languages=c,c++,fortran,objc,obj-c++ --prefix=/usr --enable-shared --enable-multiarch --enable-linker-build-id --with-system-zlib --libexecdir=/usr/lib --without-included-gettext --enable-threads=posix --with-gxx-include-dir=/usr/include/c++/4.4 --program-suffix=-4.4 --enable-nls --enable-clocale=gnu --enable-libstdcxx-debug --enable-objc-gc --enable-targets=all --disable-werror --with-arch-32=i486 --with-tune=generic --enable-checking=release --build=i486-linux-gnu --host=i486-linux-gnu --target=i486-linux-gnu
Thread model: posix
gcc version 4.4.1 (Ubuntu 4.4.1-4ubuntu9) 
configure:4803: $? = 0
configure:4805: g++ -V </dev/null >&5
g++: '-V' option must have argument
configure:4808: $? = 1
configure:4811: checking whether we are using the GNU C++ compiler
configure:4835: g++ -c   conftest.cc >&5
configure:4841: $? = 0
configure:4844: test -z 			 || test ! -s conftest.err
configure:4847: $? = 0
configure:4850: test -s conftest.o
configure:4853: $? = 0
configure:4866: result: yes
configure:4872: checking whether g++ accepts -g
configure:4893: g++ -c -g  conftest.cc >&5
configure:4899: $? = 0
configure:4902: test -z 			 || test ! -s conftest.err
configure:4905: $? = 0
configure:4908: test -s conftest.o
configure:4911: $? = 0
configure:4922: result: yes
configure:4964: g++ -c -g -O2  conftest.cc >&5
configure:4970: $? = 0
configure:4973: test -z 			 || test ! -s conftest.err
configure:4976: $? = 0
configure:4979: test -s conftest.o
configure:4982: $? = 0
configure:5008: g++ -c -g -O2  conftest.cc >&5
conftest.cc: In function 'int main()':
conftest.cc:26: error: 'exit' was not declared in this scope
configure:5014: $? = 1
configure: failed program was:
| /* confdefs.h.  */
| 
| #define PACKAGE_NAME "gdsl"
| #define PACKAGE_TARNAME "gdsl"
| #define PACKAGE_VERSION "1.4"
| #define PACKAGE_STRING "gdsl 1.4"
| #define PACKAGE_BUGREPORT "ndarnis@free.fr"
| #define PACKAGE "gdsl"
| #define VERSION "1.4"
| #define STDC_HEADERS 1
| #define HAVE_SYS_TYPES_H 1
| #define HAVE_SYS_STAT_H 1
| #define HAVE_STDLIB_H 1
| #define HAVE_STRING_H 1
| #define HAVE_MEMORY_H 1
| #define HAVE_STRINGS_H 1
| #define HAVE_INTTYPES_H 1
| #define HAVE_STDINT_H 1
| #define HAVE_UNISTD_H 1
| #define HAVE_DLFCN_H 1
| /* end confdefs.h.  */
| 
| int
| main ()
| {
| exit (42);
|   ;
|   return 0;
| }
configure:4964: g++ -c -g -O2  conftest.cc >&5
conftest.cc:22: error: 'void std::exit(int)' should have been declared inside 'std'
configure:4970: $? = 1
configure: failed program was:
| /* confdefs.h.  */
| 
| #define PACKAGE_NAME "gdsl"
| #define PACKAGE_TARNAME "gdsl"
| #define PACKAGE_VERSION "1.4"
| #define PACKAGE_STRING "gdsl 1.4"
| #define PACKAGE_BUGREPORT "ndarnis@free.fr"
| #define PACKAGE "gdsl"
| #define VERSION "1.4"
| #define STDC_HEADERS 1
| #define HAVE_SYS_TYPES_H 1
| #define HAVE_SYS_STAT_H 1
| #define HAVE_STDLIB_H 1
| #define HAVE_STRING_H 1
| #define HAVE_MEMORY_H 1
| #define HAVE_STRINGS_H 1
| #define HAVE_INTTYPES_H 1
| #define HAVE_STDINT_H 1
| #define HAVE_UNISTD_H 1
| #define HAVE_DLFCN_H 1
| /* end confdefs.h.  */
| extern "C" void std::exit (int) throw (); using std::exit;
| #include <stdlib.h>
| int
| main ()
| {
| exit (42);
|   ;
|   return 0;
| }
configure:4964: g++ -c -g -O2  conftest.cc >&5
conftest.cc:22: error: 'void std::exit(int)' should have been declared inside 'std'
In file included from conftest.cc:23:
/usr/include/stdlib.h:543: error: declaration of 'void std::exit(int) throw ()' throws different exceptions
conftest.cc:22: error: from previous declaration 'void std::exit(int)'
configure:4970: $? = 1
configure: failed program was:
| /* confdefs.h.  */
| 
| #define PACKAGE_NAME "gdsl"
| #define PACKAGE_TARNAME "gdsl"
| #define PACKAGE_VERSION "1.4"
| #define PACKAGE_STRING "gdsl 1.4"
| #define PACKAGE_BUGREPORT "ndarnis@free.fr"
| #define PACKAGE "gdsl"
| #define VERSION "1.4"
| #define STDC_HEADERS 1
| #define HAVE_SYS_TYPES_H 1
| #define HAVE_SYS_STAT_H 1
| #define HAVE_STDLIB_H 1
| #define HAVE_STRING_H 1
| #define HAVE_MEMORY_H 1
| #define HAVE_STRINGS_H 1
| #define HAVE_INTTYPES_H 1
| #define HAVE_STDINT_H 1
| #define HAVE_UNISTD_H 1
| #define HAVE_DLFCN_H 1
| /* end confdefs.h.  */
| extern "C" void std::exit (int); using std::exit;
| #include <stdlib.h>
| int
| main ()
| {
| exit (42);
|   ;
|   return 0;
| }
configure:4964: g++ -c -g -O2  conftest.cc >&5
configure:4970: $? = 0
configure:4973: test -z 			 || test ! -s conftest.err
configure:4976: $? = 0
configure:4979: test -s conftest.o
configure:4982: $? = 0
configure:5008: g++ -c -g -O2  conftest.cc >&5
configure:5014: $? = 0
configure:5017: test -z 			 || test ! -s conftest.err
configure:5020: $? = 0
configure:5023: test -s conftest.o
configure:5026: $? = 0
configure:5051: checking dependency style of g++
configure:5141: result: gcc3
configure:5168: checking how to run the C++ preprocessor
configure:5199: g++ -E  conftest.cc
configure:5205: $? = 0
configure:5237: g++ -E  conftest.cc
conftest.cc:25:28: error: ac_nonexistent.h: No such file or directory
configure:5243: $? = 1
configure: failed program was:
| /* confdefs.h.  */
| 
| #define PACKAGE_NAME "gdsl"
| #define PACKAGE_TARNAME "gdsl"
| #define PACKAGE_VERSION "1.4"
| #define PACKAGE_STRING "gdsl 1.4"
| #define PACKAGE_BUGREPORT "ndarnis@free.fr"
| #define PACKAGE "gdsl"
| #define VERSION "1.4"
| #define STDC_HEADERS 1
| #define HAVE_SYS_TYPES_H 1
| #define HAVE_SYS_STAT_H 1
| #define HAVE_STDLIB_H 1
| #define HAVE_STRING_H 1
| #define HAVE_MEMORY_H 1
| #define HAVE_STRINGS_H 1
| #define HAVE_INTTYPES_H 1
| #define HAVE_STDINT_H 1
| #define HAVE_UNISTD_H 1
| #define HAVE_DLFCN_H 1
| #ifdef __cplusplus
| extern "C" void exit (int) throw ();
| #endif
| /* end confdefs.h.  */
| #include <ac_nonexistent.h>
configure:5282: result: g++ -E
configure:5306: g++ -E  conftest.cc
configure:5312: $? = 0
configure:5344: g++ -E  conftest.cc
conftest.cc:25:28: error: ac_nonexistent.h: No such file or directory
configure:5350: $? = 1
configure: failed program was:
| /* confdefs.h.  */
| 
| #define PACKAGE_NAME "gdsl"
| #define PACKAGE_TARNAME "gdsl"
| #define PACKAGE_VERSION "1.4"
| #define PACKAGE_STRING "gdsl 1.4"
| #define PACKAGE_BUGREPORT "ndarnis@free.fr"
| #define PACKAGE "gdsl"
| #define VERSION "1.4"
| #define STDC_HEADERS 1
| #define HAVE_SYS_TYPES_H 1
| #define HAVE_SYS_STAT_H 1
| #define HAVE_STDLIB_H 1
| #define HAVE_STRING_H 1
| #define HAVE_MEMORY_H 1
| #define HAVE_STRINGS_H 1
| #define HAVE_INTTYPES_H 1
| #define HAVE_STDINT_H 1
| #define HAVE_UNISTD_H 1
| #define HAVE_DLFCN_H 1
| #ifdef __cplusplus
| extern "C" void exit (int) throw ();
| #endif
| /* end confdefs.h.  */
| #include <ac_nonexistent.h>
configure:5447: checking for g77
configure:5476: result: no
configure:5447: checking for f77
configure:5476: result: no
configure:5447: checking for xlf
configure:5476: result: no
configure:5447: checking for frt
configure:5476: result: no
configure:5447: checking for pgf77
configure:5476: result: no
configure:5447: checking for fort77
configure:5476: result: no
configure:5447: checking for fl32
configure:5476: result: no
configure:5447: checking for af77
configure:5476: result: no
configure:5447: checking for f90
configure:5476: result: no
configure:5447: checking for xlf90
configure:5476: result: no
configure:5447: checking for pgf90
configure:5476: result: no
configure:5447: checking for epcf90
configure:5476: result: no
configure:5447: checking for f95
configure:5476: result: no
configure:5447: checking for fort
configure:5476: result: no
configure:5447: checking for xlf95
configure:5476: result: no
configure:5447: checking for ifc
configure:5476: result: no
configure:5447: checking for efc
configure:5476: result: no
configure:5447: checking for pgf95
configure:5476: result: no
configure:5447: checking for lf95
configure:5476: result: no
configure:5447: checking for gfortran
configure:5476: result: no
configure:5488: checking for Fortran 77 compiler version
configure:5491:  --version </dev/null >&5
./configure: line 5492: --version: command not found
configure:5494: $? = 127
configure:5496:  -v </dev/null >&5
./configure: line 5497: -v: command not found
configure:5499: $? = 127
configure:5501:  -V </dev/null >&5
./configure: line 5502: -V: command not found
configure:5504: $? = 127
configure:5512: checking whether we are using the GNU Fortran 77 compiler
configure:5526:  -c  conftest.F >&5
./configure: line 5527: -c: command not found
configure:5532: $? = 127
configure: failed program was:
|       program main
| #ifndef __GNUC__
|        choke me
| #endif
| 
|       end
configure:5557: result: no
configure:5563: checking whether  accepts -g
configure:5575:  -c -g conftest.f >&5
./configure: line 5576: -c: command not found
configure:5581: $? = 127
configure: failed program was:
|       program main
| 
|       end
configure:5605: result: no
configure:5635: checking the maximum length of command line arguments
configure:5744: result: 32768
configure:5755: checking command to parse /usr/bin/nm -B output from gcc object
configure:5860: gcc -c -g -O2  conftest.c >&5
configure:5863: $? = 0
configure:5867: /usr/bin/nm -B conftest.o \| sed -n -e 's/^.*[ 	]\([ABCDGIRSTW][ABCDGIRSTW]*\)[ 	][ 	]*\([_A-Za-z][_A-Za-z0-9]*\)$/\1 \2 \2/p' \> conftest.nm
configure:5870: $? = 0
configure:5922: gcc -o conftest -g -O2   conftest.c conftstm.o >&5
configure:5925: $? = 0
configure:5963: result: ok
configure:5967: checking for objdir
configure:5982: result: .libs
configure:6072: checking for ar
configure:6088: found /usr/bin/ar
configure:6099: result: ar
configure:6152: checking for ranlib
configure:6179: result: ranlib
configure:6232: checking for strip
configure:6248: found /usr/bin/strip
configure:6259: result: strip
configure:6531: checking if gcc supports -fno-rtti -fno-exceptions
configure:6549: gcc -c -g -O2  -fno-rtti -fno-exceptions conftest.c >&5
cc1: warning: command line option "-fno-rtti" is valid for C++/ObjC++ but not for C
configure:6553: $? = 0
configure:6566: result: no
configure:6581: checking for gcc option to produce PIC
configure:6791: result: -fPIC
configure:6799: checking if gcc PIC flag -fPIC works
configure:6817: gcc -c -g -O2  -fPIC -DPIC conftest.c >&5
configure:6821: $? = 0
configure:6834: result: yes
configure:6862: checking if gcc static flag -static works
configure:6890: result: yes
configure:6900: checking if gcc supports -c -o file.o
configure:6921: gcc -c -g -O2  -o out/conftest2.o conftest.c >&5
configure:6925: $? = 0
configure:6947: result: yes
configure:6973: checking whether the gcc linker (/usr/bin/ld) supports shared libraries
configure:7939: result: yes
configure:7960: checking whether -lc should be explicitly linked in
configure:7965: gcc -c -g -O2  conftest.c >&5
configure:7968: $? = 0
configure:7983: gcc -shared conftest.o  -v -Wl,-soname -Wl,conftest -o conftest 2\>\&1 \| grep  -lc  \>/dev/null 2\>\&1
configure:7986: $? = 0
configure:7998: result: no
configure:8006: checking dynamic linker characteristics
configure:8606: result: GNU/Linux ld.so
configure:8615: checking how to hardcode library paths into programs
configure:8640: result: immediate
configure:8654: checking whether stripping libraries is possible
configure:8659: result: yes
configure:9486: checking if libtool supports shared libraries
configure:9488: result: yes
configure:9491: checking whether to build shared libraries
configure:9512: result: yes
configure:9515: checking whether to build static libraries
configure:9519: result: yes
configure:9611: creating libtool
configure:10199: checking for ld used by g++
configure:10266: result: /usr/bin/ld
configure:10275: checking if the linker (/usr/bin/ld) is GNU ld
configure:10290: result: yes
configure:10341: checking whether the g++ linker (/usr/bin/ld) supports shared libraries
configure:11277: result: yes
configure:11295: g++ -c -g -O2  conftest.cpp >&5
configure:11298: $? = 0
configure:11417: checking for g++ option to produce PIC
configure:11691: result: -fPIC
configure:11699: checking if g++ PIC flag -fPIC works
configure:11717: g++ -c -g -O2  -fPIC -DPIC conftest.cpp >&5
configure:11721: $? = 0
configure:11734: result: yes
configure:11762: checking if g++ static flag -static works
configure:11790: result: yes
configure:11800: checking if g++ supports -c -o file.o
configure:11821: g++ -c -g -O2  -o out/conftest2.o conftest.cpp >&5
configure:11825: $? = 0
configure:11847: result: yes
configure:11873: checking whether the g++ linker (/usr/bin/ld) supports shared libraries
configure:11904: result: yes
configure:11971: checking dynamic linker characteristics
configure:12571: result: GNU/Linux ld.so
configure:12580: checking how to hardcode library paths into programs
configure:12605: result: immediate
configure:18799: checking for ANSI C header files
configure:18954: result: yes
configure:18981: checking sys/time.h usability
configure:18993: gcc -c -g -O2  conftest.c >&5
configure:18999: $? = 0
configure:19002: test -z 			 || test ! -s conftest.err
configure:19005: $? = 0
configure:19008: test -s conftest.o
configure:19011: $? = 0
configure:19021: result: yes
configure:19025: checking sys/time.h presence
configure:19035: gcc -E  conftest.c
configure:19041: $? = 0
configure:19061: result: yes
configure:19096: checking for sys/time.h
configure:19103: result: yes
configure:18972: checking for stdlib.h
configure:18977: result: yes
configure:18981: checking stdio.h usability
configure:18993: gcc -c -g -O2  conftest.c >&5
configure:18999: $? = 0
configure:19002: test -z 			 || test ! -s conftest.err
configure:19005: $? = 0
configure:19008: test -s conftest.o
configure:19011: $? = 0
configure:19021: result: yes
configure:19025: checking stdio.h presence
configure:19035: gcc -E  conftest.c
configure:19041: $? = 0
configure:19061: result: yes
configure:19096: checking for stdio.h
configure:19103: result: yes
configure:18972: checking for unistd.h
configure:18977: result: yes
configure:19118: checking for an ANSI C-conforming const
configure:19185: gcc -c -g -O2  conftest.c >&5
configure:19191: $? = 0
configure:19194: test -z 			 || test ! -s conftest.err
configure:19197: $? = 0
configure:19200: test -s conftest.o
configure:19203: $? = 0
configure:19214: result: yes
configure:19224: checking for size_t
configure:19248: gcc -c -g -O2  conftest.c >&5
configure:19254: $? = 0
configure:19257: test -z 			 || test ! -s conftest.err
configure:19260: $? = 0
configure:19263: test -s conftest.o
configure:19266: $? = 0
configure:19277: result: yes
configure:19289: checking whether time.h and sys/time.h may both be included
configure:19314: gcc -c -g -O2  conftest.c >&5
configure:19320: $? = 0
configure:19323: test -z 			 || test ! -s conftest.err
configure:19326: $? = 0
configure:19329: test -s conftest.o
configure:19332: $? = 0
configure:19343: result: yes
configure:19355: checking for size_t
configure:19408: result: yes
configure:19420: checking for an ANSI C-conforming const
configure:19516: result: yes
configure:19526: checking for inline
configure:19547: gcc -c -g -O2  conftest.c >&5
configure:19553: $? = 0
configure:19556: test -z 			 || test ! -s conftest.err
configure:19559: $? = 0
configure:19562: test -s conftest.o
configure:19565: $? = 0
configure:19577: result: inline
configure:19600: checking for working alloca.h
configure:19621: gcc -o conftest -g -O2   conftest.c  >&5
configure:19627: $? = 0
configure:19630: test -z 			 || test ! -s conftest.err
configure:19633: $? = 0
configure:19636: test -s conftest
configure:19639: $? = 0
configure:19651: result: yes
configure:19661: checking for alloca
configure:19702: gcc -o conftest -g -O2   conftest.c  >&5
configure:19708: $? = 0
configure:19711: test -z 			 || test ! -s conftest.err
configure:19714: $? = 0
configure:19717: test -s conftest
configure:19720: $? = 0
configure:19732: result: yes
configure:19959: checking for gettimeofday
configure:20016: gcc -o conftest -g -O2   conftest.c  >&5
configure:20022: $? = 0
configure:20025: test -z 			 || test ! -s conftest.err
configure:20028: $? = 0
configure:20031: test -s conftest
configure:20034: $? = 0
configure:20046: result: yes
configure:19959: checking for strdup
configure:20016: gcc -o conftest -g -O2   conftest.c  >&5
conftest.c:58: warning: conflicting types for built-in function 'strdup'
configure:20022: $? = 0
configure:20025: test -z 			 || test ! -s conftest.err
configure:20028: $? = 0
configure:20031: test -s conftest
configure:20034: $? = 0
configure:20046: result: yes
configure:20058: checking whether your compiler is gcc
configure:20064: result: yes... -Wall -Wstrict-prototypes added.
configure:20083: checking whether to enable debuging features
configure:20090: result: no
configure:20259: creating ./config.status

## ---------------------- ##
## Running config.status. ##
## ---------------------- ##

This file was extended by gdsl config.status 1.4, which was
generated by GNU Autoconf 2.59.  Invocation command line was

  CONFIG_FILES    = 
  CONFIG_HEADERS  = 
  CONFIG_LINKS    = 
  CONFIG_COMMANDS = 
  $ ./config.status 

on deepthought

config.status:765: creating gdsl.spec
config.status:765: creating gdsl-config
config.status:765: creating src/Makefile
config.status:765: creating src/mainpage.h
config.status:765: creating src/examples/Makefile
config.status:765: creating doc/Makefile
config.status:765: creating doc/Doxyfile
config.status:765: creating doc/man3/Makefile
config.status:765: creating doc/html/Makefile
config.status:765: creating doc/latex/Makefile
config.status:765: creating Makefile
config.status:831: creating config.h
config.status:961: config.h is unchanged
config.status:1141: executing depfiles commands

## ---------------- ##
## Cache variables. ##
## ---------------- ##

ac_cv_build=i686-pc-linux-gnu
ac_cv_build_alias=i686-pc-linux-gnu
ac_cv_c_compiler_gnu=yes
ac_cv_c_const=yes
ac_cv_c_inline=inline
ac_cv_cxx_compiler_gnu=yes
ac_cv_env_CC_set=
ac_cv_env_CC_value=
ac_cv_env_CFLAGS_set=
ac_cv_env_CFLAGS_value=
ac_cv_env_CPPFLAGS_set=
ac_cv_env_CPPFLAGS_value=
ac_cv_env_CPP_set=
ac_cv_env_CPP_value=
ac_cv_env_CXXCPP_set=
ac_cv_env_CXXCPP_value=
ac_cv_env_CXXFLAGS_set=
ac_cv_env_CXXFLAGS_value=
ac_cv_env_CXX_set=
ac_cv_env_CXX_value=
ac_cv_env_F77_set=
ac_cv_env_F77_value=
ac_cv_env_FFLAGS_set=
ac_cv_env_FFLAGS_value=
ac_cv_env_LDFLAGS_set=
ac_cv_env_LDFLAGS_value=
ac_cv_env_build_alias_set=
ac_cv_env_build_alias_value=
ac_cv_env_host_alias_set=
ac_cv_env_host_alias_value=
ac_cv_env_target_alias_set=
ac_cv_env_target_alias_value=
ac_cv_exeext=
ac_cv_f77_compiler_gnu=no
ac_cv_func_alloca_works=yes
ac_cv_func_gettimeofday=yes
ac_cv_func_strdup=yes
ac_cv_header_dlfcn_h=yes
ac_cv_header_inttypes_h=yes
ac_cv_header_memory_h=yes
ac_cv_header_stdc=yes
ac_cv_header_stdint_h=yes
ac_cv_header_stdio_h=yes
ac_cv_header_stdlib_h=yes
ac_cv_header_string_h=yes
ac_cv_header_strings_h=yes
ac_cv_header_sys_stat_h=yes
ac_cv_header_sys_time_h=yes
ac_cv_header_sys_types_h=yes
ac_cv_header_time=yes
ac_cv_header_unistd_h=yes
ac_cv_host=i686-pc-linux-gnu
ac_cv_host_alias=i686-pc-linux-gnu
ac_cv_objext=o
ac_cv_path_install='/usr/bin/install -c'
ac_cv_prog_AWK=gawk
ac_cv_prog_CPP='gcc -E'
ac_cv_prog_CXXCPP='g++ -E'
ac_cv_prog_ac_ct_AR=ar
ac_cv_prog_ac_ct_CC=gcc
ac_cv_prog_ac_ct_CXX=g++
ac_cv_prog_ac_ct_RANLIB=ranlib
ac_cv_prog_ac_ct_STRIP=strip
ac_cv_prog_cc_g=yes
ac_cv_prog_cc_stdc=
ac_cv_prog_cxx_g=yes
ac_cv_prog_egrep='grep -E'
ac_cv_prog_f77_g=no
ac_cv_prog_make_make_set=yes
ac_cv_type_size_t=yes
ac_cv_working_alloca_h=yes
am_cv_CC_dependencies_compiler_type=gcc3
am_cv_CXX_dependencies_compiler_type=gcc3
lt_cv_deplibs_check_method=pass_all
lt_cv_file_magic_cmd='$MAGIC_CMD'
lt_cv_file_magic_test_file=
lt_cv_ld_reload_flag=-r
lt_cv_objdir=.libs
lt_cv_path_LD=/usr/bin/ld
lt_cv_path_LDCXX=/usr/bin/ld
lt_cv_path_NM='/usr/bin/nm -B'
lt_cv_path_SED=/bin/sed
lt_cv_prog_compiler_c_o=yes
lt_cv_prog_compiler_c_o_CXX=yes
lt_cv_prog_compiler_rtti_exceptions=no
lt_cv_prog_gnu_ld=yes
lt_cv_prog_gnu_ldcxx=yes
lt_cv_sys_global_symbol_pipe='sed -n -e '\''s/^.*[ 	]\([ABCDGIRSTW][ABCDGIRSTW]*\)[ 	][ 	]*\([_A-Za-z][_A-Za-z0-9]*\)$/\1 \2 \2/p'\'''
lt_cv_sys_global_symbol_to_c_name_address='sed -n -e '\''s/^: \([^ ]*\) $/  {\"\1\", (lt_ptr) 0},/p'\'' -e '\''s/^[BCDEGRST] \([^ ]*\) \([^ ]*\)$/  {"\2", (lt_ptr) \&\2},/p'\'''
lt_cv_sys_global_symbol_to_cdecl='sed -n -e '\''s/^. .* \(.*\)$/extern int \1;/p'\'''
lt_cv_sys_max_cmd_len=32768
lt_lt_cv_prog_compiler_c_o='"yes"'
lt_lt_cv_prog_compiler_c_o_CXX='"yes"'
lt_lt_cv_sys_global_symbol_pipe='"sed -n -e '\''s/^.*[ 	]\\([ABCDGIRSTW][ABCDGIRSTW]*\\)[ 	][ 	]*\\([_A-Za-z][_A-Za-z0-9]*\\)\$/\\1 \\2 \\2/p'\''"'
lt_lt_cv_sys_global_symbol_to_c_name_address='"sed -n -e '\''s/^: \\([^ ]*\\) \$/  {\\\"\\1\\\", (lt_ptr) 0},/p'\'' -e '\''s/^[BCDEGRST] \\([^ ]*\\) \\([^ ]*\\)\$/  {\"\\2\", (lt_ptr) \\&\\2},/p'\''"'
lt_lt_cv_sys_global_symbol_to_cdecl='"sed -n -e '\''s/^. .* \\(.*\\)\$/extern int \\1;/p'\''"'

## ----------------- ##
## Output variables. ##
## ----------------- ##

ACLOCAL='${SHELL} /home/niftyion/code/vyquen/lib/gdsl/missing --run aclocal-1.8'
ALLOCA=''
AMDEPBACKSLASH='\'
AMDEP_FALSE='#'
AMDEP_TRUE=''
AMTAR='${SHELL} /home/niftyion/code/vyquen/lib/gdsl/missing --run tar'
AR='ar'
AUTOCONF='${SHELL} /home/niftyion/code/vyquen/lib/gdsl/missing --run autoconf'
AUTOHEADER='${SHELL} /home/niftyion/code/vyquen/lib/gdsl/missing --run autoheader'
AUTOMAKE='${SHELL} /home/niftyion/code/vyquen/lib/gdsl/missing --run automake-1.8'
AWK='gawk'
CC='gcc'
CCDEPMODE='depmode=gcc3'
CFLAGS='-Wall -Wstrict-prototypes -g -O2'
CPP='gcc -E'
CPPFLAGS='-D_REENTRANT -D_THREAD_SAFE -D_GNU_SOURCE -pedantic '
CXX='g++'
CXXCPP='g++ -E'
CXXDEPMODE='depmode=gcc3'
CXXFLAGS='-g -O2'
CYGPATH_W='echo'
DEFS='-DHAVE_CONFIG_H'
DEPDIR='.deps'
ECHO='echo'
ECHO_C=''
ECHO_N='-n'
ECHO_T=''
EGREP='grep -E'
EXEEXT=''
F77=''
FFLAGS=''
GDSL_CFLAGS='-I${prefix}/include/gdsl'
GDSL_LIBS='-L${exec_prefix}/lib -lgdsl'
GDSL_LT_VERSION='1:4:0'
INSTALL_DATA='${INSTALL} -m 644'
INSTALL_PROGRAM='${INSTALL}'
INSTALL_SCRIPT='${INSTALL}'
INSTALL_STRIP_PROGRAM='${SHELL} $(install_sh) -c -s'
LDFLAGS=''
LIBOBJS=''
LIBS=''
LIBTOOL='$(SHELL) $(top_builddir)/libtool'
LN_S='ln -s'
LTLIBOBJS=''
MAKEINFO='${SHELL} /home/niftyion/code/vyquen/lib/gdsl/missing --run makeinfo'
OBJEXT='o'
PACKAGE='gdsl'
PACKAGE_BUGREPORT='ndarnis@free.fr'
PACKAGE_NAME='gdsl'
PACKAGE_STRING='gdsl 1.4'
PACKAGE_TARNAME='gdsl'
PACKAGE_VERSION='1.4'
PATH_SEPARATOR=':'
RANLIB='ranlib'
SET_MAKE=''
SHELL='/bin/bash'
STRIP='strip'
VERSION='1.4'
ac_ct_AR='ar'
ac_ct_CC='gcc'
ac_ct_CXX='g++'
ac_ct_F77=''
ac_ct_RANLIB='ranlib'
ac_ct_STRIP='strip'
am__fastdepCC_FALSE='#'
am__fastdepCC_TRUE=''
am__fastdepCXX_FALSE='#'
am__fastdepCXX_TRUE=''
am__include='include'
am__leading_dot='.'
am__quote=''
bindir='${exec_prefix}/bin'
build='i686-pc-linux-gnu'
build_alias=''
build_cpu='i686'
build_os='linux-gnu'
build_vendor='pc'
datadir='${prefix}/share'
exec_prefix='${prefix}'
host='i686-pc-linux-gnu'
host_alias=''
host_cpu='i686'
host_os='linux-gnu'
host_vendor='pc'
includedir='${prefix}/include'
infodir='${prefix}/info'
install_sh='/home/niftyion/code/vyquen/lib/gdsl/install-sh'
libdir='${exec_prefix}/lib'
libexecdir='${exec_prefix}/libexec'
localstatedir='${prefix}/var'
mandir='${prefix}/man'
mkdir_p='mkdir -p -- .'
oldincludedir='/usr/include'
prefix='/usr/local'
program_transform_name='s,x,x,'
sbindir='${exec_prefix}/sbin'
sharedstatedir='${prefix}/com'
sysconfdir='${prefix}/etc'
target_alias=''

## ----------- ##
## confdefs.h. ##
## ----------- ##

#define HAVE_ALLOCA 1
#define HAVE_ALLOCA_H 1
#define HAVE_DLFCN_H 1
#define HAVE_GETTIMEOFDAY 1
#define HAVE_INTTYPES_H 1
#define HAVE_LINUX 1
#define HAVE_MEMORY_H 1
#define HAVE_STDINT_H 1
#define HAVE_STDIO_H 1
#define HAVE_STDLIB_H 1
#define HAVE_STDLIB_H 1
#define HAVE_STRDUP 1
#define HAVE_STRINGS_H 1
#define HAVE_STRING_H 1
#define HAVE_SYS_STAT_H 1
#define HAVE_SYS_TIME_H 1
#define HAVE_SYS_TYPES_H 1
#define HAVE_UNISTD_H 1
#define HAVE_UNISTD_H 1
#define PACKAGE "gdsl"
#define PACKAGE_BUGREPORT "ndarnis@free.fr"
#define PACKAGE_NAME "gdsl"
#define PACKAGE_STRING "gdsl 1.4"
#define PACKAGE_TARNAME "gdsl"
#define PACKAGE_VERSION "1.4"
#define STDC_HEADERS 1
#define STDC_HEADERS 1
#define TIME_WITH_SYS_TIME 1
#define VERSION "1.4"
#endif
#ifdef __cplusplus
extern "C" void exit (int) throw ();

configure: exit 0
